0 verbose cli /home/azureuser/.nvm/versions/node/v20.3.0/bin/node /home/azureuser/.nvm/versions/node/v20.3.0/bin/npm
1 info using npm@9.6.7
2 info using node@v20.3.0
3 timing npm:load:whichnode Completed in 7ms
4 timing config:load:defaults Completed in 2ms
5 timing config:load:file:/home/azureuser/.nvm/versions/node/v20.3.0/lib/node_modules/npm/npmrc Completed in 12ms
6 timing config:load:builtin Completed in 12ms
7 timing config:load:cli Completed in 2ms
8 timing config:load:env Completed in 0ms
9 timing config:load:file:/home/azureuser/server/.npmrc Completed in 0ms
10 timing config:load:project Completed in 1ms
11 timing config:load:file:/home/azureuser/.npmrc Completed in 0ms
12 timing config:load:user Completed in 0ms
13 timing config:load:file:/home/azureuser/.nvm/versions/node/v20.3.0/etc/npmrc Completed in 1ms
14 timing config:load:global Completed in 1ms
15 timing config:load:setEnvs Completed in 0ms
16 timing config:load Completed in 18ms
17 timing npm:load:configload Completed in 18ms
18 timing npm:load:mkdirpcache Completed in 1ms
19 timing npm:load:mkdirplogs Completed in 0ms
20 verbose title npm install express
21 verbose argv "install" "express"
22 timing npm:load:setTitle Completed in 0ms
23 timing config:load:flatten Completed in 2ms
24 timing npm:load:display Completed in 3ms
25 verbose logfile logs-max:10 dir:/home/azureuser/.npm/_logs/2023-06-20T11_19_37_536Z-
26 verbose logfile /home/azureuser/.npm/_logs/2023-06-20T11_19_37_536Z-debug-0.log
27 timing npm:load:logFile Completed in 7ms
28 timing npm:load:timers Completed in 0ms
29 timing npm:load:configScope Completed in 0ms
30 timing npm:load Completed in 38ms
31 timing config:load:flatten Completed in 0ms
32 timing arborist:ctor Completed in 1ms
33 timing arborist:ctor Completed in 0ms
34 silly logfile done cleaning log files
35 timing idealTree:init Completed in 23ms
36 timing idealTree:userRequests Completed in 2ms
37 silly idealTree buildDeps
38 silly fetch manifest express@*
39 http fetch GET 200 https://registry.npmjs.org/express 54ms (cache miss)
40 silly placeDep ROOT express@4.18.2 OK for:  want: *
41 silly fetch manifest accepts@~1.3.8
42 silly fetch manifest array-flatten@1.1.1
43 silly fetch manifest body-parser@1.20.1
44 silly fetch manifest content-disposition@0.5.4
45 silly fetch manifest content-type@~1.0.4
46 silly fetch manifest cookie@0.5.0
47 silly fetch manifest cookie-signature@1.0.6
48 silly fetch manifest debug@2.6.9
49 silly fetch manifest depd@2.0.0
50 silly fetch manifest encodeurl@~1.0.2
51 silly fetch manifest escape-html@~1.0.3
52 silly fetch manifest etag@~1.8.1
53 silly fetch manifest finalhandler@1.2.0
54 silly fetch manifest fresh@0.5.2
55 silly fetch manifest http-errors@2.0.0
56 silly fetch manifest merge-descriptors@1.0.1
57 silly fetch manifest methods@~1.1.2
58 silly fetch manifest on-finished@2.4.1
59 silly fetch manifest parseurl@~1.3.3
60 silly fetch manifest path-to-regexp@0.1.7
61 silly fetch manifest proxy-addr@~2.0.7
62 silly fetch manifest qs@6.11.0
63 silly fetch manifest range-parser@~1.2.1
64 silly fetch manifest safe-buffer@5.2.1
65 silly fetch manifest send@0.18.0
66 silly fetch manifest serve-static@1.15.0
67 silly fetch manifest setprototypeof@1.2.0
68 silly fetch manifest statuses@2.0.1
69 silly fetch manifest type-is@~1.6.18
70 silly fetch manifest utils-merge@1.0.1
71 silly fetch manifest vary@~1.1.2
72 http fetch GET 200 https://registry.npmjs.org/accepts 91ms (cache miss)
73 http fetch GET 200 https://registry.npmjs.org/npm 274ms (cache miss)
74 http fetch GET 200 https://registry.npmjs.org/methods 217ms (cache miss)
75 http fetch GET 200 https://registry.npmjs.org/on-finished 222ms (cache miss)
76 http fetch GET 200 https://registry.npmjs.org/encodeurl 227ms (cache miss)
77 http fetch GET 200 https://registry.npmjs.org/array-flatten 232ms (cache miss)
78 http fetch GET 200 https://registry.npmjs.org/merge-descriptors 226ms (cache miss)
79 http fetch GET 200 https://registry.npmjs.org/escape-html 229ms (cache miss)
80 http fetch GET 200 https://registry.npmjs.org/utils-merge 215ms (cache miss)
81 http fetch GET 200 https://registry.npmjs.org/vary 214ms (cache miss)
82 http fetch GET 200 https://registry.npmjs.org/content-type 235ms (cache miss)
83 http fetch GET 200 https://registry.npmjs.org/fresh 233ms (cache miss)
84 http fetch GET 200 https://registry.npmjs.org/parseurl 231ms (cache miss)
85 http fetch GET 200 https://registry.npmjs.org/range-parser 229ms (cache miss)
86 http fetch GET 200 https://registry.npmjs.org/content-disposition 239ms (cache miss)
87 http fetch GET 200 https://registry.npmjs.org/etag 236ms (cache miss)
88 http fetch GET 200 https://registry.npmjs.org/setprototypeof 227ms (cache miss)
89 http fetch GET 200 https://registry.npmjs.org/cookie-signature 240ms (cache miss)
90 http fetch GET 200 https://registry.npmjs.org/safe-buffer 230ms (cache miss)
91 http fetch GET 200 https://registry.npmjs.org/depd 240ms (cache miss)
92 http fetch GET 200 https://registry.npmjs.org/statuses 230ms (cache miss)
93 http fetch GET 200 https://registry.npmjs.org/cookie 244ms (cache miss)
94 http fetch GET 200 https://registry.npmjs.org/proxy-addr 237ms (cache miss)
95 http fetch GET 200 https://registry.npmjs.org/finalhandler 243ms (cache miss)
96 http fetch GET 200 https://registry.npmjs.org/http-errors 243ms (cache miss)
97 http fetch GET 200 https://registry.npmjs.org/type-is 234ms (cache miss)
98 http fetch GET 200 https://registry.npmjs.org/send 240ms (cache miss)
99 http fetch GET 200 https://registry.npmjs.org/path-to-regexp 245ms (cache miss)
100 http fetch GET 200 https://registry.npmjs.org/serve-static 242ms (cache miss)
101 http fetch GET 200 https://registry.npmjs.org/body-parser 256ms (cache miss)
102 http fetch GET 200 https://registry.npmjs.org/debug 254ms (cache miss)
103 http fetch GET 200 https://registry.npmjs.org/qs 249ms (cache miss)
104 timing idealTree:#root Completed in 327ms
105 silly placeDep ROOT accepts@1.3.8 OK for: express@4.18.2 want: ~1.3.8
106 silly fetch manifest mime-types@~2.1.34
107 silly fetch manifest negotiator@0.6.3
108 silly placeDep ROOT array-flatten@1.1.1 OK for: express@4.18.2 want: 1.1.1
109 silly placeDep ROOT body-parser@1.20.1 OK for: express@4.18.2 want: 1.20.1
110 silly fetch manifest bytes@3.1.2
111 silly fetch manifest destroy@1.2.0
112 silly fetch manifest iconv-lite@0.4.24
113 silly fetch manifest raw-body@2.5.1
114 silly fetch manifest unpipe@1.0.0
115 silly placeDep ROOT content-disposition@0.5.4 OK for: express@4.18.2 want: 0.5.4
116 silly placeDep ROOT content-type@1.0.5 OK for: express@4.18.2 want: ~1.0.4
117 silly placeDep ROOT cookie@0.5.0 OK for: express@4.18.2 want: 0.5.0
118 silly placeDep ROOT cookie-signature@1.0.6 OK for: express@4.18.2 want: 1.0.6
119 silly placeDep ROOT debug@2.6.9 OK for: express@4.18.2 want: 2.6.9
120 silly fetch manifest ms@2.0.0
121 silly placeDep ROOT depd@2.0.0 OK for: express@4.18.2 want: 2.0.0
122 silly placeDep ROOT encodeurl@1.0.2 OK for: express@4.18.2 want: ~1.0.2
123 silly placeDep ROOT escape-html@1.0.3 OK for: express@4.18.2 want: ~1.0.3
124 silly placeDep ROOT etag@1.8.1 OK for: express@4.18.2 want: ~1.8.1
125 silly placeDep ROOT finalhandler@1.2.0 OK for: express@4.18.2 want: 1.2.0
126 silly fetch manifest unpipe@~1.0.0
127 silly placeDep ROOT fresh@0.5.2 OK for: express@4.18.2 want: 0.5.2
128 silly placeDep ROOT http-errors@2.0.0 OK for: express@4.18.2 want: 2.0.0
129 silly fetch manifest inherits@2.0.4
130 silly fetch manifest toidentifier@1.0.1
131 silly placeDep ROOT merge-descriptors@1.0.1 OK for: express@4.18.2 want: 1.0.1
132 silly placeDep ROOT methods@1.1.2 OK for: express@4.18.2 want: ~1.1.2
133 silly placeDep ROOT on-finished@2.4.1 OK for: express@4.18.2 want: 2.4.1
134 silly fetch manifest ee-first@1.1.1
135 silly placeDep ROOT parseurl@1.3.3 OK for: express@4.18.2 want: ~1.3.3
136 silly placeDep ROOT path-to-regexp@0.1.7 OK for: express@4.18.2 want: 0.1.7
137 silly placeDep ROOT proxy-addr@2.0.7 OK for: express@4.18.2 want: ~2.0.7
138 silly fetch manifest forwarded@0.2.0
139 silly fetch manifest ipaddr.js@1.9.1
140 silly placeDep ROOT qs@6.11.0 OK for: express@4.18.2 want: 6.11.0
141 silly fetch manifest side-channel@^1.0.4
142 silly placeDep ROOT range-parser@1.2.1 OK for: express@4.18.2 want: ~1.2.1
143 silly placeDep ROOT safe-buffer@5.2.1 OK for: express@4.18.2 want: 5.2.1
144 silly placeDep ROOT send@0.18.0 OK for: express@4.18.2 want: 0.18.0
145 silly fetch manifest mime@1.6.0
146 silly fetch manifest ms@2.1.3
147 silly placeDep ROOT serve-static@1.15.0 OK for: express@4.18.2 want: 1.15.0
148 silly placeDep ROOT setprototypeof@1.2.0 OK for: express@4.18.2 want: 1.2.0
149 silly placeDep ROOT statuses@2.0.1 OK for: express@4.18.2 want: 2.0.1
150 silly placeDep ROOT type-is@1.6.18 OK for: express@4.18.2 want: ~1.6.18
151 silly fetch manifest media-typer@0.3.0
152 silly fetch manifest mime-types@~2.1.24
153 silly placeDep ROOT utils-merge@1.0.1 OK for: express@4.18.2 want: 1.0.1
154 silly placeDep ROOT vary@1.1.2 OK for: express@4.18.2 want: ~1.1.2
155 http fetch GET 200 https://registry.npmjs.org/ee-first 99ms (cache miss)
156 http fetch GET 200 https://registry.npmjs.org/toidentifier 102ms (cache miss)
157 http fetch GET 200 https://registry.npmjs.org/unpipe 106ms (cache miss)
158 http fetch GET 200 https://registry.npmjs.org/destroy 130ms (cache miss)
159 http fetch GET 200 https://registry.npmjs.org/forwarded 99ms (cache miss)
160 http fetch GET 200 https://registry.npmjs.org/media-typer 89ms (cache miss)
161 http fetch GET 200 https://registry.npmjs.org/unpipe 129ms (cache miss)
162 http fetch GET 200 https://registry.npmjs.org/inherits 106ms (cache miss)
163 http fetch GET 200 https://registry.npmjs.org/mime-types 138ms (cache miss)
164 http fetch GET 200 https://registry.npmjs.org/side-channel 101ms (cache miss)
165 http fetch GET 200 https://registry.npmjs.org/mime-types 93ms (cache miss)
166 http fetch GET 200 https://registry.npmjs.org/ms 98ms (cache miss)
167 http fetch GET 200 https://registry.npmjs.org/ms 129ms (cache miss)
168 http fetch GET 200 https://registry.npmjs.org/bytes 139ms (cache miss)
169 http fetch GET 200 https://registry.npmjs.org/mime 102ms (cache miss)
170 http fetch GET 200 https://registry.npmjs.org/negotiator 144ms (cache miss)
171 http fetch GET 200 https://registry.npmjs.org/raw-body 138ms (cache miss)
172 http fetch GET 200 https://registry.npmjs.org/iconv-lite 140ms (cache miss)
173 http fetch GET 200 https://registry.npmjs.org/ipaddr.js 110ms (cache miss)
174 timing idealTree:node_modules/express Completed in 166ms
175 silly placeDep ROOT mime-types@2.1.35 OK for: accepts@1.3.8 want: ~2.1.34
176 silly fetch manifest mime-db@1.52.0
177 silly placeDep ROOT negotiator@0.6.3 OK for: accepts@1.3.8 want: 0.6.3
178 http fetch GET 200 https://registry.npmjs.org/mime-db 27ms (cache miss)
179 timing idealTree:node_modules/accepts Completed in 30ms
180 timing idealTree:node_modules/array-flatten Completed in 0ms
181 silly placeDep ROOT bytes@3.1.2 OK for: body-parser@1.20.1 want: 3.1.2
182 silly placeDep ROOT destroy@1.2.0 OK for: body-parser@1.20.1 want: 1.2.0
183 silly placeDep ROOT iconv-lite@0.4.24 OK for: body-parser@1.20.1 want: 0.4.24
184 silly fetch manifest safer-buffer@>= 2.1.2 < 3
185 silly placeDep ROOT raw-body@2.5.1 OK for: body-parser@1.20.1 want: 2.5.1
186 silly placeDep ROOT unpipe@1.0.0 OK for: body-parser@1.20.1 want: 1.0.0
187 http fetch GET 200 https://registry.npmjs.org/safer-buffer 27ms (cache miss)
188 timing idealTree:node_modules/body-parser Completed in 35ms
189 timing idealTree:node_modules/bytes Completed in 0ms
190 timing idealTree:node_modules/content-disposition Completed in 0ms
191 timing idealTree:node_modules/content-type Completed in 0ms
192 timing idealTree:node_modules/cookie Completed in 0ms
193 timing idealTree:node_modules/cookie-signature Completed in 0ms
194 silly placeDep ROOT ms@2.0.0 OK for: debug@2.6.9 want: 2.0.0
195 timing idealTree:node_modules/debug Completed in 1ms
196 timing idealTree:node_modules/depd Completed in 0ms
197 timing idealTree:node_modules/destroy Completed in 0ms
198 timing idealTree:node_modules/encodeurl Completed in 0ms
199 timing idealTree:node_modules/escape-html Completed in 0ms
200 timing idealTree:node_modules/etag Completed in 0ms
201 timing idealTree:node_modules/finalhandler Completed in 0ms
202 timing idealTree:node_modules/fresh Completed in 0ms
203 silly placeDep ROOT inherits@2.0.4 OK for: http-errors@2.0.0 want: 2.0.4
204 silly placeDep ROOT toidentifier@1.0.1 OK for: http-errors@2.0.0 want: 1.0.1
205 timing idealTree:node_modules/http-errors Completed in 2ms
206 silly placeDep ROOT safer-buffer@2.1.2 OK for: iconv-lite@0.4.24 want: >= 2.1.2 < 3
207 timing idealTree:node_modules/iconv-lite Completed in 1ms
208 timing idealTree:node_modules/inherits Completed in 0ms
209 timing idealTree:node_modules/merge-descriptors Completed in 0ms
210 timing idealTree:node_modules/methods Completed in 0ms
211 silly placeDep ROOT mime-db@1.52.0 OK for: mime-types@2.1.35 want: 1.52.0
212 timing idealTree:node_modules/mime-types Completed in 1ms
213 timing idealTree:node_modules/mime-db Completed in 0ms
214 timing idealTree:node_modules/ms Completed in 0ms
215 timing idealTree:node_modules/negotiator Completed in 0ms
216 silly placeDep ROOT ee-first@1.1.1 OK for: on-finished@2.4.1 want: 1.1.1
217 timing idealTree:node_modules/on-finished Completed in 1ms
218 timing idealTree:node_modules/ee-first Completed in 0ms
219 timing idealTree:node_modules/parseurl Completed in 0ms
220 timing idealTree:node_modules/path-to-regexp Completed in 0ms
221 silly placeDep ROOT forwarded@0.2.0 OK for: proxy-addr@2.0.7 want: 0.2.0
222 silly placeDep ROOT ipaddr.js@1.9.1 OK for: proxy-addr@2.0.7 want: 1.9.1
223 timing idealTree:node_modules/proxy-addr Completed in 2ms
224 timing idealTree:node_modules/forwarded Completed in 0ms
225 timing idealTree:node_modules/ipaddr.js Completed in 0ms
226 silly placeDep ROOT side-channel@1.0.4 OK for: qs@6.11.0 want: ^1.0.4
227 silly fetch manifest call-bind@^1.0.0
228 silly fetch manifest get-intrinsic@^1.0.2
229 silly fetch manifest object-inspect@^1.9.0
230 http fetch GET 200 https://registry.npmjs.org/call-bind 33ms (cache miss)
231 http fetch GET 200 https://registry.npmjs.org/get-intrinsic 34ms (cache miss)
232 http fetch GET 200 https://registry.npmjs.org/object-inspect 39ms (cache miss)
233 timing idealTree:node_modules/qs Completed in 43ms
234 timing idealTree:node_modules/range-parser Completed in 0ms
235 timing idealTree:node_modules/raw-body Completed in 0ms
236 timing idealTree:node_modules/safe-buffer Completed in 0ms
237 timing idealTree:node_modules/safer-buffer Completed in 0ms
238 silly placeDep ROOT mime@1.6.0 OK for: send@0.18.0 want: 1.6.0
239 silly placeDep node_modules/send ms@2.1.3 OK for: send@0.18.0 want: 2.1.3
240 timing idealTree:node_modules/send Completed in 2ms
241 timing idealTree:node_modules/mime Completed in 0ms
242 timing idealTree:node_modules/serve-static Completed in 0ms
243 timing idealTree:node_modules/setprototypeof Completed in 0ms
244 silly placeDep ROOT call-bind@1.0.2 OK for: side-channel@1.0.4 want: ^1.0.0
245 silly fetch manifest function-bind@^1.1.1
246 silly placeDep ROOT get-intrinsic@1.2.1 OK for: side-channel@1.0.4 want: ^1.0.2
247 silly fetch manifest has@^1.0.3
248 silly fetch manifest has-proto@^1.0.1
249 silly fetch manifest has-symbols@^1.0.3
250 silly placeDep ROOT object-inspect@1.12.3 OK for: side-channel@1.0.4 want: ^1.9.0
251 http fetch GET 200 https://registry.npmjs.org/function-bind 38ms (cache miss)
252 http fetch GET 200 https://registry.npmjs.org/has-proto 37ms (cache miss)
253 http fetch GET 200 https://registry.npmjs.org/has 39ms (cache miss)
254 http fetch GET 200 https://registry.npmjs.org/has-symbols 37ms (cache miss)
255 timing idealTree:node_modules/side-channel Completed in 42ms
256 silly placeDep ROOT function-bind@1.1.1 OK for: call-bind@1.0.2 want: ^1.1.1
257 timing idealTree:node_modules/call-bind Completed in 2ms
258 timing idealTree:node_modules/function-bind Completed in 0ms
259 silly placeDep ROOT has@1.0.3 OK for: get-intrinsic@1.2.1 want: ^1.0.3
260 silly placeDep ROOT has-proto@1.0.1 OK for: get-intrinsic@1.2.1 want: ^1.0.1
261 silly placeDep ROOT has-symbols@1.0.3 OK for: get-intrinsic@1.2.1 want: ^1.0.3
262 timing idealTree:node_modules/get-intrinsic Completed in 2ms
263 timing idealTree:node_modules/has Completed in 0ms
264 timing idealTree:node_modules/has-proto Completed in 0ms
265 timing idealTree:node_modules/has-symbols Completed in 0ms
266 timing idealTree:node_modules/object-inspect Completed in 0ms
267 timing idealTree:node_modules/statuses Completed in 0ms
268 timing idealTree:node_modules/toidentifier Completed in 0ms
269 silly placeDep ROOT media-typer@0.3.0 OK for: type-is@1.6.18 want: 0.3.0
270 timing idealTree:node_modules/type-is Completed in 1ms
271 timing idealTree:node_modules/media-typer Completed in 0ms
272 timing idealTree:node_modules/unpipe Completed in 0ms
273 timing idealTree:node_modules/utils-merge Completed in 0ms
274 timing idealTree:node_modules/vary Completed in 0ms
275 timing idealTree:node_modules/send/node_modules/ms Completed in 0ms
276 timing idealTree:buildDeps Completed in 664ms
277 timing idealTree:fixDepFlags Completed in 0ms
278 timing idealTree Completed in 693ms
279 timing reify:loadTrees Completed in 694ms
280 timing reify:diffTrees Completed in 2ms
281 silly reify moves {}
282 timing reify:retireShallow Completed in 1ms
283 timing reify:createSparse Completed in 4ms
284 timing reify:loadBundles Completed in 0ms
285 silly tarball no local data for media-typer@https://registry.npmjs.org/media-typer/-/media-typer-0.3.0.tgz. Extracting by manifest.
286 silly tarball no local data for has-proto@https://registry.npmjs.org/has-proto/-/has-proto-1.0.1.tgz. Extracting by manifest.
287 silly tarball no local data for has-symbols@https://registry.npmjs.org/has-symbols/-/has-symbols-1.0.3.tgz. Extracting by manifest.
288 silly tarball no local data for has@https://registry.npmjs.org/has/-/has-1.0.3.tgz. Extracting by manifest.
289 silly tarball no local data for object-inspect@https://registry.npmjs.org/object-inspect/-/object-inspect-1.12.3.tgz. Extracting by manifest.
290 silly tarball no local data for function-bind@https://registry.npmjs.org/function-bind/-/function-bind-1.1.1.tgz. Extracting by manifest.
291 silly tarball no local data for get-intrinsic@https://registry.npmjs.org/get-intrinsic/-/get-intrinsic-1.2.1.tgz. Extracting by manifest.
292 silly tarball no local data for call-bind@https://registry.npmjs.org/call-bind/-/call-bind-1.0.2.tgz. Extracting by manifest.
293 silly tarball no local data for mime@https://registry.npmjs.org/mime/-/mime-1.6.0.tgz. Extracting by manifest.
294 silly tarball no local data for side-channel@https://registry.npmjs.org/side-channel/-/side-channel-1.0.4.tgz. Extracting by manifest.
295 silly tarball no local data for ipaddr.js@https://registry.npmjs.org/ipaddr.js/-/ipaddr.js-1.9.1.tgz. Extracting by manifest.
296 silly tarball no local data for forwarded@https://registry.npmjs.org/forwarded/-/forwarded-0.2.0.tgz. Extracting by manifest.
297 silly tarball no local data for ee-first@https://registry.npmjs.org/ee-first/-/ee-first-1.1.1.tgz. Extracting by manifest.
298 silly tarball no local data for mime-db@https://registry.npmjs.org/mime-db/-/mime-db-1.52.0.tgz. Extracting by manifest.
299 silly tarball no local data for safer-buffer@https://registry.npmjs.org/safer-buffer/-/safer-buffer-2.1.2.tgz. Extracting by manifest.
300 silly tarball no local data for toidentifier@https://registry.npmjs.org/toidentifier/-/toidentifier-1.0.1.tgz. Extracting by manifest.
301 silly tarball no local data for inherits@https://registry.npmjs.org/inherits/-/inherits-2.0.4.tgz. Extracting by manifest.
302 silly tarball no local data for ms@https://registry.npmjs.org/ms/-/ms-2.0.0.tgz. Extracting by manifest.
303 silly tarball no local data for unpipe@https://registry.npmjs.org/unpipe/-/unpipe-1.0.0.tgz. Extracting by manifest.
304 silly tarball no local data for raw-body@https://registry.npmjs.org/raw-body/-/raw-body-2.5.1.tgz. Extracting by manifest.
305 silly tarball no local data for iconv-lite@https://registry.npmjs.org/iconv-lite/-/iconv-lite-0.4.24.tgz. Extracting by manifest.
306 silly tarball no local data for destroy@https://registry.npmjs.org/destroy/-/destroy-1.2.0.tgz. Extracting by manifest.
307 silly tarball no local data for bytes@https://registry.npmjs.org/bytes/-/bytes-3.1.2.tgz. Extracting by manifest.
308 silly tarball no local data for negotiator@https://registry.npmjs.org/negotiator/-/negotiator-0.6.3.tgz. Extracting by manifest.
309 silly tarball no local data for mime-types@https://registry.npmjs.org/mime-types/-/mime-types-2.1.35.tgz. Extracting by manifest.
310 silly tarball no local data for vary@https://registry.npmjs.org/vary/-/vary-1.1.2.tgz. Extracting by manifest.
311 silly tarball no local data for utils-merge@https://registry.npmjs.org/utils-merge/-/utils-merge-1.0.1.tgz. Extracting by manifest.
312 silly tarball no local data for type-is@https://registry.npmjs.org/type-is/-/type-is-1.6.18.tgz. Extracting by manifest.
313 silly tarball no local data for statuses@https://registry.npmjs.org/statuses/-/statuses-2.0.1.tgz. Extracting by manifest.
314 silly tarball no local data for setprototypeof@https://registry.npmjs.org/setprototypeof/-/setprototypeof-1.2.0.tgz. Extracting by manifest.
315 silly tarball no local data for serve-static@https://registry.npmjs.org/serve-static/-/serve-static-1.15.0.tgz. Extracting by manifest.
316 silly tarball no local data for send@https://registry.npmjs.org/send/-/send-0.18.0.tgz. Extracting by manifest.
317 silly tarball no local data for safe-buffer@https://registry.npmjs.org/safe-buffer/-/safe-buffer-5.2.1.tgz. Extracting by manifest.
318 silly tarball no local data for range-parser@https://registry.npmjs.org/range-parser/-/range-parser-1.2.1.tgz. Extracting by manifest.
319 silly tarball no local data for proxy-addr@https://registry.npmjs.org/proxy-addr/-/proxy-addr-2.0.7.tgz. Extracting by manifest.
320 silly tarball no local data for qs@https://registry.npmjs.org/qs/-/qs-6.11.0.tgz. Extracting by manifest.
321 silly tarball no local data for path-to-regexp@https://registry.npmjs.org/path-to-regexp/-/path-to-regexp-0.1.7.tgz. Extracting by manifest.
322 silly tarball no local data for parseurl@https://registry.npmjs.org/parseurl/-/parseurl-1.3.3.tgz. Extracting by manifest.
323 silly tarball no local data for on-finished@https://registry.npmjs.org/on-finished/-/on-finished-2.4.1.tgz. Extracting by manifest.
324 silly tarball no local data for methods@https://registry.npmjs.org/methods/-/methods-1.1.2.tgz. Extracting by manifest.
325 silly tarball no local data for merge-descriptors@https://registry.npmjs.org/merge-descriptors/-/merge-descriptors-1.0.1.tgz. Extracting by manifest.
326 silly tarball no local data for http-errors@https://registry.npmjs.org/http-errors/-/http-errors-2.0.0.tgz. Extracting by manifest.
327 silly tarball no local data for fresh@https://registry.npmjs.org/fresh/-/fresh-0.5.2.tgz. Extracting by manifest.
328 silly tarball no local data for finalhandler@https://registry.npmjs.org/finalhandler/-/finalhandler-1.2.0.tgz. Extracting by manifest.
329 silly tarball no local data for etag@https://registry.npmjs.org/etag/-/etag-1.8.1.tgz. Extracting by manifest.
330 silly tarball no local data for escape-html@https://registry.npmjs.org/escape-html/-/escape-html-1.0.3.tgz. Extracting by manifest.
331 silly tarball no local data for encodeurl@https://registry.npmjs.org/encodeurl/-/encodeurl-1.0.2.tgz. Extracting by manifest.
332 silly tarball no local data for depd@https://registry.npmjs.org/depd/-/depd-2.0.0.tgz. Extracting by manifest.
333 silly tarball no local data for debug@https://registry.npmjs.org/debug/-/debug-2.6.9.tgz. Extracting by manifest.
334 silly tarball no local data for cookie-signature@https://registry.npmjs.org/cookie-signature/-/cookie-signature-1.0.6.tgz. Extracting by manifest.
335 silly tarball no local data for cookie@https://registry.npmjs.org/cookie/-/cookie-0.5.0.tgz. Extracting by manifest.
336 silly tarball no local data for content-type@https://registry.npmjs.org/content-type/-/content-type-1.0.5.tgz. Extracting by manifest.
337 silly tarball no local data for body-parser@https://registry.npmjs.org/body-parser/-/body-parser-1.20.1.tgz. Extracting by manifest.
338 silly tarball no local data for content-disposition@https://registry.npmjs.org/content-disposition/-/content-disposition-0.5.4.tgz. Extracting by manifest.
339 silly tarball no local data for array-flatten@https://registry.npmjs.org/array-flatten/-/array-flatten-1.1.1.tgz. Extracting by manifest.
340 silly tarball no local data for accepts@https://registry.npmjs.org/accepts/-/accepts-1.3.8.tgz. Extracting by manifest.
341 silly tarball no local data for express@https://registry.npmjs.org/express/-/express-4.18.2.tgz. Extracting by manifest.
342 silly tarball no local data for ms@https://registry.npmjs.org/ms/-/ms-2.1.3.tgz. Extracting by manifest.
343 http fetch GET 200 https://registry.npmjs.org/media-typer/-/media-typer-0.3.0.tgz 365ms (cache miss)
344 timing reifyNode:node_modules/media-typer Completed in 399ms
345 http fetch GET 200 https://registry.npmjs.org/side-channel/-/side-channel-1.0.4.tgz 362ms (cache miss)
346 http fetch GET 200 https://registry.npmjs.org/toidentifier/-/toidentifier-1.0.1.tgz 349ms (cache miss)
347 timing reifyNode:node_modules/toidentifier Completed in 401ms
348 http fetch GET 200 https://registry.npmjs.org/negotiator/-/negotiator-0.6.3.tgz 354ms (cache miss)
349 http fetch GET 200 https://registry.npmjs.org/function-bind/-/function-bind-1.1.1.tgz 375ms (cache miss)
350 http fetch GET 200 https://registry.npmjs.org/has/-/has-1.0.3.tgz 379ms (cache miss)
351 timing reifyNode:node_modules/has Completed in 415ms
352 http fetch GET 200 https://registry.npmjs.org/ee-first/-/ee-first-1.1.1.tgz 373ms (cache miss)
353 timing reifyNode:node_modules/ee-first Completed in 414ms
354 http fetch GET 200 https://registry.npmjs.org/forwarded/-/forwarded-0.2.0.tgz 373ms (cache miss)
355 timing reifyNode:node_modules/forwarded Completed in 414ms
356 http fetch GET 200 https://registry.npmjs.org/safer-buffer/-/safer-buffer-2.1.2.tgz 372ms (cache miss)
357 timing reifyNode:node_modules/safer-buffer Completed in 415ms
358 http fetch GET 200 https://registry.npmjs.org/ipaddr.js/-/ipaddr.js-1.9.1.tgz 376ms (cache miss)
359 timing reifyNode:node_modules/ipaddr.js Completed in 416ms
360 http fetch GET 200 https://registry.npmjs.org/utils-merge/-/utils-merge-1.0.1.tgz 357ms (cache miss)
361 timing reifyNode:node_modules/utils-merge Completed in 417ms
362 timing reifyNode:node_modules/side-channel Completed in 417ms
363 timing reifyNode:node_modules/function-bind Completed in 418ms
364 http fetch GET 200 https://registry.npmjs.org/call-bind/-/call-bind-1.0.2.tgz 380ms (cache miss)
365 http fetch GET 200 https://registry.npmjs.org/ms/-/ms-2.0.0.tgz 366ms (cache miss)
366 timing reifyNode:node_modules/ms Completed in 419ms
367 http fetch GET 200 https://registry.npmjs.org/inherits/-/inherits-2.0.4.tgz 366ms (cache miss)
368 timing reifyNode:node_modules/inherits Completed in 419ms
369 http fetch GET 200 https://registry.npmjs.org/raw-body/-/raw-body-2.5.1.tgz 364ms (cache miss)
370 timing reifyNode:node_modules/raw-body Completed in 419ms
371 timing reifyNode:node_modules/negotiator Completed in 421ms
372 http fetch GET 200 https://registry.npmjs.org/unpipe/-/unpipe-1.0.0.tgz 369ms (cache miss)
373 timing reifyNode:node_modules/unpipe Completed in 423ms
374 http fetch GET 200 https://registry.npmjs.org/has-proto/-/has-proto-1.0.1.tgz 389ms (cache miss)
375 timing reifyNode:node_modules/has-proto Completed in 424ms
376 http fetch GET 200 https://registry.npmjs.org/vary/-/vary-1.1.2.tgz 365ms (cache miss)
377 timing reifyNode:node_modules/vary Completed in 424ms
378 http fetch GET 200 https://registry.npmjs.org/bytes/-/bytes-3.1.2.tgz 367ms (cache miss)
379 timing reifyNode:node_modules/bytes Completed in 424ms
380 http fetch GET 200 https://registry.npmjs.org/type-is/-/type-is-1.6.18.tgz 364ms (cache miss)
381 timing reifyNode:node_modules/type-is Completed in 424ms
382 http fetch GET 200 https://registry.npmjs.org/setprototypeof/-/setprototypeof-1.2.0.tgz 363ms (cache miss)
383 timing reifyNode:node_modules/setprototypeof Completed in 423ms
384 timing reifyNode:node_modules/call-bind Completed in 426ms
385 http fetch GET 200 https://registry.npmjs.org/destroy/-/destroy-1.2.0.tgz 371ms (cache miss)
386 timing reifyNode:node_modules/destroy Completed in 427ms
387 http fetch GET 200 https://registry.npmjs.org/safe-buffer/-/safe-buffer-5.2.1.tgz 365ms (cache miss)
388 timing reifyNode:node_modules/safe-buffer Completed in 428ms
389 http fetch GET 200 https://registry.npmjs.org/proxy-addr/-/proxy-addr-2.0.7.tgz 364ms (cache miss)
390 timing reifyNode:node_modules/proxy-addr Completed in 428ms
391 http fetch GET 200 https://registry.npmjs.org/mime-types/-/mime-types-2.1.35.tgz 372ms (cache miss)
392 timing reifyNode:node_modules/mime-types Completed in 430ms
393 http fetch GET 200 https://registry.npmjs.org/cookie/-/cookie-0.5.0.tgz 349ms (cache miss)
394 timing reifyNode:node_modules/cookie Completed in 427ms
395 http fetch GET 200 https://registry.npmjs.org/path-to-regexp/-/path-to-regexp-0.1.7.tgz 365ms (cache miss)
396 timing reifyNode:node_modules/path-to-regexp Completed in 430ms
397 http fetch GET 200 https://registry.npmjs.org/serve-static/-/serve-static-1.15.0.tgz 369ms (cache miss)
398 timing reifyNode:node_modules/serve-static Completed in 430ms
399 http fetch GET 200 https://registry.npmjs.org/on-finished/-/on-finished-2.4.1.tgz 364ms (cache miss)
400 timing reifyNode:node_modules/on-finished Completed in 431ms
401 http fetch GET 200 https://registry.npmjs.org/http-errors/-/http-errors-2.0.0.tgz 356ms (cache miss)
402 timing reifyNode:node_modules/http-errors Completed in 431ms
403 http fetch GET 200 https://registry.npmjs.org/ms/-/ms-2.1.3.tgz 335ms (cache miss)
404 timing reifyNode:node_modules/send/node_modules/ms Completed in 431ms
405 http fetch GET 200 https://registry.npmjs.org/cookie-signature/-/cookie-signature-1.0.6.tgz 352ms (cache miss)
406 timing reifyNode:node_modules/cookie-signature Completed in 429ms
407 http fetch GET 200 https://registry.npmjs.org/parseurl/-/parseurl-1.3.3.tgz 368ms (cache miss)
408 timing reifyNode:node_modules/parseurl Completed in 434ms
409 http fetch GET 200 https://registry.npmjs.org/merge-descriptors/-/merge-descriptors-1.0.1.tgz 360ms (cache miss)
410 timing reifyNode:node_modules/merge-descriptors Completed in 434ms
411 http fetch GET 200 https://registry.npmjs.org/methods/-/methods-1.1.2.tgz 361ms (cache miss)
412 timing reifyNode:node_modules/methods Completed in 434ms
413 http fetch GET 200 https://registry.npmjs.org/statuses/-/statuses-2.0.1.tgz 374ms (cache miss)
414 timing reifyNode:node_modules/statuses Completed in 436ms
415 http fetch GET 200 https://registry.npmjs.org/escape-html/-/escape-html-1.0.3.tgz 358ms (cache miss)
416 timing reifyNode:node_modules/escape-html Completed in 435ms
417 http fetch GET 200 https://registry.npmjs.org/encodeurl/-/encodeurl-1.0.2.tgz 357ms (cache miss)
418 timing reifyNode:node_modules/encodeurl Completed in 432ms
419 http fetch GET 200 https://registry.npmjs.org/etag/-/etag-1.8.1.tgz 358ms (cache miss)
420 timing reifyNode:node_modules/etag Completed in 435ms
421 http fetch GET 200 https://registry.npmjs.org/has-symbols/-/has-symbols-1.0.3.tgz 403ms (cache miss)
422 http fetch GET 200 https://registry.npmjs.org/range-parser/-/range-parser-1.2.1.tgz 374ms (cache miss)
423 timing reifyNode:node_modules/range-parser Completed in 437ms
424 http fetch GET 200 https://registry.npmjs.org/content-disposition/-/content-disposition-0.5.4.tgz 353ms (cache miss)
425 timing reifyNode:node_modules/content-disposition Completed in 435ms
426 http fetch GET 200 https://registry.npmjs.org/content-type/-/content-type-1.0.5.tgz 356ms (cache miss)
427 timing reifyNode:node_modules/content-type Completed in 435ms
428 http fetch GET 200 https://registry.npmjs.org/accepts/-/accepts-1.3.8.tgz 343ms (cache miss)
429 timing reifyNode:node_modules/accepts Completed in 437ms
430 http fetch GET 200 https://registry.npmjs.org/send/-/send-0.18.0.tgz 379ms (cache miss)
431 timing reifyNode:node_modules/send Completed in 441ms
432 http fetch GET 200 https://registry.npmjs.org/array-flatten/-/array-flatten-1.1.1.tgz 347ms (cache miss)
433 timing reifyNode:node_modules/array-flatten Completed in 438ms
434 http fetch GET 200 https://registry.npmjs.org/depd/-/depd-2.0.0.tgz 362ms (cache miss)
435 timing reifyNode:node_modules/depd Completed in 438ms
436 http fetch GET 200 https://registry.npmjs.org/fresh/-/fresh-0.5.2.tgz 366ms (cache miss)
437 timing reifyNode:node_modules/fresh Completed in 442ms
438 http fetch GET 200 https://registry.npmjs.org/finalhandler/-/finalhandler-1.2.0.tgz 366ms (cache miss)
439 timing reifyNode:node_modules/finalhandler Completed in 442ms
440 timing reifyNode:node_modules/has-symbols Completed in 449ms
441 http fetch GET 200 https://registry.npmjs.org/get-intrinsic/-/get-intrinsic-1.2.1.tgz 414ms (cache miss)
442 timing reifyNode:node_modules/get-intrinsic Completed in 451ms
443 http fetch GET 200 https://registry.npmjs.org/body-parser/-/body-parser-1.20.1.tgz 367ms (cache miss)
444 http fetch GET 200 https://registry.npmjs.org/debug/-/debug-2.6.9.tgz 373ms (cache miss)
445 timing reifyNode:node_modules/body-parser Completed in 450ms
446 timing reifyNode:node_modules/debug Completed in 452ms
447 http fetch GET 200 https://registry.npmjs.org/mime-db/-/mime-db-1.52.0.tgz 417ms (cache miss)
448 timing reifyNode:node_modules/mime-db Completed in 459ms
449 http fetch GET 200 https://registry.npmjs.org/mime/-/mime-1.6.0.tgz 421ms (cache miss)
450 timing reifyNode:node_modules/mime Completed in 460ms
451 http fetch GET 200 https://registry.npmjs.org/qs/-/qs-6.11.0.tgz 397ms (cache miss)
452 timing reifyNode:node_modules/qs Completed in 465ms
453 http fetch GET 200 https://registry.npmjs.org/object-inspect/-/object-inspect-1.12.3.tgz 435ms (cache miss)
454 timing reifyNode:node_modules/object-inspect Completed in 472ms
455 http fetch GET 200 https://registry.npmjs.org/express/-/express-4.18.2.tgz 376ms (cache miss)
456 timing reifyNode:node_modules/express Completed in 469ms
457 http fetch GET 200 https://registry.npmjs.org/iconv-lite/-/iconv-lite-0.4.24.tgz 419ms (cache miss)
458 timing reifyNode:node_modules/iconv-lite Completed in 474ms
459 timing reify:unpack Completed in 475ms
460 timing reify:unretire Completed in 0ms
461 timing build:queue Completed in 2ms
462 timing build:link:node_modules/mime Completed in 2ms
463 timing build:link Completed in 2ms
464 timing build:deps Completed in 4ms
465 timing build Completed in 4ms
466 timing reify:build Completed in 4ms
467 timing reify:trash Completed in 0ms
468 timing reify:save Completed in 18ms
469 timing reify Completed in 1313ms
470 silly ADD node_modules/media-typer
471 silly ADD node_modules/has-symbols
472 silly ADD node_modules/has-proto
473 silly ADD node_modules/has
474 silly ADD node_modules/function-bind
475 silly ADD node_modules/object-inspect
476 silly ADD node_modules/get-intrinsic
477 silly ADD node_modules/call-bind
478 silly ADD node_modules/mime
479 silly ADD node_modules/side-channel
480 silly ADD node_modules/ipaddr.js
481 silly ADD node_modules/forwarded
482 silly ADD node_modules/ee-first
483 silly ADD node_modules/mime-db
484 silly ADD node_modules/safer-buffer
485 silly ADD node_modules/toidentifier
486 silly ADD node_modules/inherits
487 silly ADD node_modules/ms
488 silly ADD node_modules/unpipe
489 silly ADD node_modules/raw-body
490 silly ADD node_modules/iconv-lite
491 silly ADD node_modules/destroy
492 silly ADD node_modules/bytes
493 silly ADD node_modules/negotiator
494 silly ADD node_modules/mime-types
495 silly ADD node_modules/vary
496 silly ADD node_modules/utils-merge
497 silly ADD node_modules/type-is
498 silly ADD node_modules/statuses
499 silly ADD node_modules/setprototypeof
500 silly ADD node_modules/serve-static
501 silly ADD node_modules/send
502 silly ADD node_modules/send/node_modules/ms
503 silly ADD node_modules/safe-buffer
504 silly ADD node_modules/range-parser
505 silly ADD node_modules/qs
506 silly ADD node_modules/proxy-addr
507 silly ADD node_modules/path-to-regexp
508 silly ADD node_modules/parseurl
509 silly ADD node_modules/on-finished
510 silly ADD node_modules/methods
511 silly ADD node_modules/merge-descriptors
512 silly ADD node_modules/http-errors
513 silly ADD node_modules/fresh
514 silly ADD node_modules/finalhandler
515 silly ADD node_modules/etag
516 silly ADD node_modules/escape-html
517 silly ADD node_modules/encodeurl
518 silly ADD node_modules/depd
519 silly ADD node_modules/debug
520 silly ADD node_modules/cookie-signature
521 silly ADD node_modules/cookie
522 silly ADD node_modules/content-type
523 silly ADD node_modules/content-disposition
524 silly ADD node_modules/body-parser
525 silly ADD node_modules/array-flatten
526 silly ADD node_modules/accepts
527 silly ADD node_modules/express
528 timing command:install Completed in 1321ms
529 notice
529 notice New [33mminor[39m version of npm available! [31m9.6.7[39m -> [32m9.7.1[39m
529 notice Changelog: [36mhttps://github.com/npm/cli/releases/tag/v9.7.1[39m
529 notice Run [32mnpm install -g npm@9.7.1[39m to update!
529 notice
530 verbose exit 0
531 timing npm Completed in 1518ms
532 info ok
