0 verbose cli /home/azureuser/.nvm/versions/node/v20.3.0/bin/node /home/azureuser/.nvm/versions/node/v20.3.0/bin/npm
1 info using npm@9.6.7
2 info using node@v20.3.0
3 timing npm:load:whichnode Completed in 6ms
4 timing config:load:defaults Completed in 2ms
5 timing config:load:file:/home/azureuser/.nvm/versions/node/v20.3.0/lib/node_modules/npm/npmrc Completed in 7ms
6 timing config:load:builtin Completed in 7ms
7 timing config:load:cli Completed in 2ms
8 timing config:load:env Completed in 0ms
9 timing config:load:project Completed in 1ms
10 timing config:load:file:/home/azureuser/.npmrc Completed in 0ms
11 timing config:load:user Completed in 0ms
12 timing config:load:file:/home/azureuser/.nvm/versions/node/v20.3.0/etc/npmrc Completed in 0ms
13 timing config:load:global Completed in 0ms
14 timing config:load:setEnvs Completed in 1ms
15 timing config:load Completed in 13ms
16 timing npm:load:configload Completed in 13ms
17 timing npm:load:mkdirpcache Completed in 2ms
18 timing npm:load:mkdirplogs Completed in 1ms
19 verbose title npm install express
20 verbose argv "install" "express"
21 timing npm:load:setTitle Completed in 1ms
22 timing config:load:flatten Completed in 2ms
23 timing npm:load:display Completed in 2ms
24 verbose logfile logs-max:10 dir:/home/azureuser/.npm/_logs/2023-06-20T13_57_41_065Z-
25 verbose logfile /home/azureuser/.npm/_logs/2023-06-20T13_57_41_065Z-debug-0.log
26 timing npm:load:logFile Completed in 7ms
27 timing npm:load:timers Completed in 1ms
28 timing npm:load:configScope Completed in 0ms
29 timing npm:load Completed in 34ms
30 timing config:load:flatten Completed in 1ms
31 timing arborist:ctor Completed in 0ms
32 silly logfile done cleaning log files
33 timing arborist:ctor Completed in 1ms
34 timing idealTree:init Completed in 10ms
35 timing idealTree:userRequests Completed in 3ms
36 silly idealTree buildDeps
37 silly fetch manifest express@*
38 http fetch GET 200 https://registry.npmjs.org/express 118ms (cache revalidated)
39 silly placeDep ROOT express@4.18.2 OK for:  want: *
40 silly fetch manifest accepts@~1.3.8
41 silly fetch manifest array-flatten@1.1.1
42 silly fetch manifest body-parser@1.20.1
43 silly fetch manifest content-disposition@0.5.4
44 silly fetch manifest content-type@~1.0.4
45 silly fetch manifest cookie@0.5.0
46 silly fetch manifest cookie-signature@1.0.6
47 silly fetch manifest debug@2.6.9
48 silly fetch manifest depd@2.0.0
49 silly fetch manifest encodeurl@~1.0.2
50 silly fetch manifest escape-html@~1.0.3
51 silly fetch manifest etag@~1.8.1
52 silly fetch manifest finalhandler@1.2.0
53 silly fetch manifest fresh@0.5.2
54 silly fetch manifest http-errors@2.0.0
55 silly fetch manifest merge-descriptors@1.0.1
56 silly fetch manifest methods@~1.1.2
57 silly fetch manifest on-finished@2.4.1
58 silly fetch manifest parseurl@~1.3.3
59 silly fetch manifest path-to-regexp@0.1.7
60 silly fetch manifest proxy-addr@~2.0.7
61 silly fetch manifest qs@6.11.0
62 silly fetch manifest range-parser@~1.2.1
63 silly fetch manifest safe-buffer@5.2.1
64 silly fetch manifest send@0.18.0
65 silly fetch manifest serve-static@1.15.0
66 silly fetch manifest setprototypeof@1.2.0
67 silly fetch manifest statuses@2.0.1
68 silly fetch manifest type-is@~1.6.18
69 silly fetch manifest utils-merge@1.0.1
70 silly fetch manifest vary@~1.1.2
71 http fetch GET 200 https://registry.npmjs.org/accepts 107ms (cache revalidated)
72 http fetch GET 200 https://registry.npmjs.org/on-finished 110ms (cache revalidated)
73 http fetch GET 200 https://registry.npmjs.org/content-disposition 132ms (cache revalidated)
74 http fetch GET 200 https://registry.npmjs.org/finalhandler 128ms (cache revalidated)
75 http fetch GET 200 https://registry.npmjs.org/cookie-signature 131ms (cache revalidated)
76 http fetch GET 200 https://registry.npmjs.org/cookie 141ms (cache revalidated)
77 http fetch GET 200 https://registry.npmjs.org/debug 140ms (cache revalidated)
78 http fetch GET 200 https://registry.npmjs.org/depd 140ms (cache revalidated)
79 http fetch GET 200 https://registry.npmjs.org/array-flatten 147ms (cache revalidated)
80 http fetch GET 200 https://registry.npmjs.org/etag 140ms (cache revalidated)
81 http fetch GET 200 https://registry.npmjs.org/encodeurl 141ms (cache revalidated)
82 http fetch GET 200 https://registry.npmjs.org/fresh 161ms (cache revalidated)
83 http fetch GET 200 https://registry.npmjs.org/body-parser 181ms (cache revalidated)
84 http fetch GET 200 https://registry.npmjs.org/methods 171ms (cache revalidated)
85 http fetch GET 200 https://registry.npmjs.org/content-type 183ms (cache revalidated)
86 http fetch GET 200 https://registry.npmjs.org/path-to-regexp 174ms (cache revalidated)
87 http fetch GET 200 https://registry.npmjs.org/parseurl 174ms (cache revalidated)
88 http fetch GET 200 https://registry.npmjs.org/qs 179ms (cache revalidated)
89 http fetch GET 200 https://registry.npmjs.org/http-errors 187ms (cache revalidated)
90 http fetch GET 200 https://registry.npmjs.org/proxy-addr 182ms (cache revalidated)
91 http fetch GET 200 https://registry.npmjs.org/serve-static 178ms (cache revalidated)
92 http fetch GET 200 https://registry.npmjs.org/type-is 177ms (cache revalidated)
93 http fetch GET 200 https://registry.npmjs.org/range-parser 183ms (cache revalidated)
94 http fetch GET 200 https://registry.npmjs.org/utils-merge 179ms (cache revalidated)
95 http fetch GET 200 https://registry.npmjs.org/setprototypeof 181ms (cache revalidated)
96 http fetch GET 200 https://registry.npmjs.org/safe-buffer 184ms (cache revalidated)
97 http fetch GET 200 https://registry.npmjs.org/merge-descriptors 189ms (cache revalidated)
98 http fetch GET 200 https://registry.npmjs.org/vary 180ms (cache revalidated)
99 http fetch GET 200 https://registry.npmjs.org/statuses 182ms (cache revalidated)
100 http fetch GET 200 https://registry.npmjs.org/send 185ms (cache revalidated)
101 http fetch GET 200 https://registry.npmjs.org/escape-html 198ms (cache revalidated)
102 timing idealTree:#root Completed in 341ms
103 silly placeDep ROOT accepts@1.3.8 OK for: express@4.18.2 want: ~1.3.8
104 silly fetch manifest mime-types@~2.1.34
105 silly fetch manifest negotiator@0.6.3
106 silly placeDep ROOT array-flatten@1.1.1 OK for: express@4.18.2 want: 1.1.1
107 silly placeDep ROOT body-parser@1.20.1 OK for: express@4.18.2 want: 1.20.1
108 silly fetch manifest bytes@3.1.2
109 silly fetch manifest destroy@1.2.0
110 silly fetch manifest iconv-lite@0.4.24
111 silly fetch manifest raw-body@2.5.1
112 silly fetch manifest unpipe@1.0.0
113 silly placeDep ROOT content-disposition@0.5.4 OK for: express@4.18.2 want: 0.5.4
114 silly placeDep ROOT content-type@1.0.5 OK for: express@4.18.2 want: ~1.0.4
115 silly placeDep ROOT cookie@0.5.0 OK for: express@4.18.2 want: 0.5.0
116 silly placeDep ROOT cookie-signature@1.0.6 OK for: express@4.18.2 want: 1.0.6
117 silly placeDep ROOT debug@2.6.9 OK for: express@4.18.2 want: 2.6.9
118 silly fetch manifest ms@2.0.0
119 silly placeDep ROOT depd@2.0.0 OK for: express@4.18.2 want: 2.0.0
120 silly placeDep ROOT encodeurl@1.0.2 OK for: express@4.18.2 want: ~1.0.2
121 silly placeDep ROOT escape-html@1.0.3 OK for: express@4.18.2 want: ~1.0.3
122 silly placeDep ROOT etag@1.8.1 OK for: express@4.18.2 want: ~1.8.1
123 silly placeDep ROOT finalhandler@1.2.0 OK for: express@4.18.2 want: 1.2.0
124 silly fetch manifest unpipe@~1.0.0
125 silly placeDep ROOT fresh@0.5.2 OK for: express@4.18.2 want: 0.5.2
126 silly placeDep ROOT http-errors@2.0.0 OK for: express@4.18.2 want: 2.0.0
127 silly fetch manifest inherits@2.0.4
128 silly fetch manifest toidentifier@1.0.1
129 silly placeDep ROOT merge-descriptors@1.0.1 OK for: express@4.18.2 want: 1.0.1
130 silly placeDep ROOT methods@1.1.2 OK for: express@4.18.2 want: ~1.1.2
131 silly placeDep ROOT on-finished@2.4.1 OK for: express@4.18.2 want: 2.4.1
132 silly fetch manifest ee-first@1.1.1
133 silly placeDep ROOT parseurl@1.3.3 OK for: express@4.18.2 want: ~1.3.3
134 silly placeDep ROOT path-to-regexp@0.1.7 OK for: express@4.18.2 want: 0.1.7
135 silly placeDep ROOT proxy-addr@2.0.7 OK for: express@4.18.2 want: ~2.0.7
136 silly fetch manifest forwarded@0.2.0
137 silly fetch manifest ipaddr.js@1.9.1
138 silly placeDep ROOT qs@6.11.0 OK for: express@4.18.2 want: 6.11.0
139 silly fetch manifest side-channel@^1.0.4
140 silly placeDep ROOT range-parser@1.2.1 OK for: express@4.18.2 want: ~1.2.1
141 silly placeDep ROOT safe-buffer@5.2.1 OK for: express@4.18.2 want: 5.2.1
142 silly placeDep ROOT send@0.18.0 OK for: express@4.18.2 want: 0.18.0
143 silly fetch manifest mime@1.6.0
144 silly fetch manifest ms@2.1.3
145 silly placeDep ROOT serve-static@1.15.0 OK for: express@4.18.2 want: 1.15.0
146 silly placeDep ROOT setprototypeof@1.2.0 OK for: express@4.18.2 want: 1.2.0
147 silly placeDep ROOT statuses@2.0.1 OK for: express@4.18.2 want: 2.0.1
148 silly placeDep ROOT type-is@1.6.18 OK for: express@4.18.2 want: ~1.6.18
149 silly fetch manifest media-typer@0.3.0
150 silly fetch manifest mime-types@~2.1.24
151 silly placeDep ROOT utils-merge@1.0.1 OK for: express@4.18.2 want: 1.0.1
152 silly placeDep ROOT vary@1.1.2 OK for: express@4.18.2 want: ~1.1.2
153 http fetch GET 200 https://registry.npmjs.org/mime-types 89ms (cache revalidated)
154 http fetch GET 200 https://registry.npmjs.org/bytes 87ms (cache revalidated)
155 http fetch GET 200 https://registry.npmjs.org/negotiator 89ms (cache revalidated)
156 http fetch GET 200 https://registry.npmjs.org/iconv-lite 88ms (cache revalidated)
157 http fetch GET 200 https://registry.npmjs.org/ms 81ms (cache revalidated)
158 http fetch GET 200 https://registry.npmjs.org/side-channel 72ms (cache revalidated)
159 http fetch GET 200 https://registry.npmjs.org/ee-first 78ms (cache revalidated)
160 http fetch GET 200 https://registry.npmjs.org/inherits 82ms (cache revalidated)
161 http fetch GET 200 https://registry.npmjs.org/destroy 101ms (cache revalidated)
162 http fetch GET 200 https://registry.npmjs.org/mime 67ms (cache revalidated)
163 http fetch GET 200 https://registry.npmjs.org/raw-body 101ms (cache revalidated)
164 http fetch GET 200 https://registry.npmjs.org/forwarded 79ms (cache revalidated)
165 http fetch GET 200 https://registry.npmjs.org/unpipe 101ms (cache revalidated)
166 http fetch GET 200 https://registry.npmjs.org/unpipe 88ms (cache revalidated)
167 http fetch GET 200 https://registry.npmjs.org/toidentifier 86ms (cache revalidated)
168 http fetch GET 200 https://registry.npmjs.org/ms 68ms (cache revalidated)
169 http fetch GET 200 https://registry.npmjs.org/ipaddr.js 82ms (cache revalidated)
170 http fetch GET 200 https://registry.npmjs.org/media-typer 66ms (cache revalidated)
171 http fetch GET 200 https://registry.npmjs.org/mime-types 66ms (cache revalidated)
172 timing idealTree:node_modules/express Completed in 132ms
173 silly placeDep ROOT mime-types@2.1.35 OK for: accepts@1.3.8 want: ~2.1.34
174 silly fetch manifest mime-db@1.52.0
175 silly placeDep ROOT negotiator@0.6.3 OK for: accepts@1.3.8 want: 0.6.3
176 http fetch GET 200 https://registry.npmjs.org/mime-db 23ms (cache revalidated)
177 timing idealTree:node_modules/accepts Completed in 26ms
178 timing idealTree:node_modules/array-flatten Completed in 0ms
179 silly placeDep ROOT bytes@3.1.2 OK for: body-parser@1.20.1 want: 3.1.2
180 silly placeDep ROOT destroy@1.2.0 OK for: body-parser@1.20.1 want: 1.2.0
181 silly placeDep ROOT iconv-lite@0.4.24 OK for: body-parser@1.20.1 want: 0.4.24
182 silly fetch manifest safer-buffer@>= 2.1.2 < 3
183 silly placeDep ROOT raw-body@2.5.1 OK for: body-parser@1.20.1 want: 2.5.1
184 silly placeDep ROOT unpipe@1.0.0 OK for: body-parser@1.20.1 want: 1.0.0
185 http fetch GET 200 https://registry.npmjs.org/safer-buffer 29ms (cache revalidated)
186 timing idealTree:node_modules/body-parser Completed in 35ms
187 timing idealTree:node_modules/bytes Completed in 1ms
188 timing idealTree:node_modules/content-disposition Completed in 0ms
189 timing idealTree:node_modules/content-type Completed in 0ms
190 timing idealTree:node_modules/cookie Completed in 0ms
191 timing idealTree:node_modules/cookie-signature Completed in 0ms
192 silly placeDep ROOT ms@2.0.0 OK for: debug@2.6.9 want: 2.0.0
193 timing idealTree:node_modules/debug Completed in 1ms
194 timing idealTree:node_modules/depd Completed in 0ms
195 timing idealTree:node_modules/destroy Completed in 0ms
196 timing idealTree:node_modules/encodeurl Completed in 0ms
197 timing idealTree:node_modules/escape-html Completed in 0ms
198 timing idealTree:node_modules/etag Completed in 0ms
199 timing idealTree:node_modules/finalhandler Completed in 0ms
200 timing idealTree:node_modules/fresh Completed in 0ms
201 silly placeDep ROOT inherits@2.0.4 OK for: http-errors@2.0.0 want: 2.0.4
202 silly placeDep ROOT toidentifier@1.0.1 OK for: http-errors@2.0.0 want: 1.0.1
203 timing idealTree:node_modules/http-errors Completed in 2ms
204 silly placeDep ROOT safer-buffer@2.1.2 OK for: iconv-lite@0.4.24 want: >= 2.1.2 < 3
205 timing idealTree:node_modules/iconv-lite Completed in 1ms
206 timing idealTree:node_modules/inherits Completed in 0ms
207 timing idealTree:node_modules/merge-descriptors Completed in 0ms
208 timing idealTree:node_modules/methods Completed in 0ms
209 silly placeDep ROOT mime-db@1.52.0 OK for: mime-types@2.1.35 want: 1.52.0
210 timing idealTree:node_modules/mime-types Completed in 1ms
211 timing idealTree:node_modules/mime-db Completed in 0ms
212 timing idealTree:node_modules/ms Completed in 0ms
213 timing idealTree:node_modules/negotiator Completed in 0ms
214 silly placeDep ROOT ee-first@1.1.1 OK for: on-finished@2.4.1 want: 1.1.1
215 timing idealTree:node_modules/on-finished Completed in 1ms
216 timing idealTree:node_modules/ee-first Completed in 0ms
217 timing idealTree:node_modules/parseurl Completed in 0ms
218 timing idealTree:node_modules/path-to-regexp Completed in 0ms
219 silly placeDep ROOT forwarded@0.2.0 OK for: proxy-addr@2.0.7 want: 0.2.0
220 silly placeDep ROOT ipaddr.js@1.9.1 OK for: proxy-addr@2.0.7 want: 1.9.1
221 timing idealTree:node_modules/proxy-addr Completed in 2ms
222 timing idealTree:node_modules/forwarded Completed in 0ms
223 timing idealTree:node_modules/ipaddr.js Completed in 0ms
224 silly placeDep ROOT side-channel@1.0.4 OK for: qs@6.11.0 want: ^1.0.4
225 silly fetch manifest call-bind@^1.0.0
226 silly fetch manifest get-intrinsic@^1.0.2
227 silly fetch manifest object-inspect@^1.9.0
228 http fetch GET 200 https://registry.npmjs.org/call-bind 19ms (cache revalidated)
229 http fetch GET 200 https://registry.npmjs.org/object-inspect 26ms (cache revalidated)
230 http fetch GET 200 https://registry.npmjs.org/get-intrinsic 29ms (cache revalidated)
231 timing idealTree:node_modules/qs Completed in 32ms
232 timing idealTree:node_modules/range-parser Completed in 0ms
233 timing idealTree:node_modules/raw-body Completed in 0ms
234 timing idealTree:node_modules/safe-buffer Completed in 0ms
235 timing idealTree:node_modules/safer-buffer Completed in 0ms
236 silly placeDep ROOT mime@1.6.0 OK for: send@0.18.0 want: 1.6.0
237 silly placeDep node_modules/send ms@2.1.3 OK for: send@0.18.0 want: 2.1.3
238 timing idealTree:node_modules/send Completed in 3ms
239 timing idealTree:node_modules/mime Completed in 0ms
240 timing idealTree:node_modules/serve-static Completed in 0ms
241 timing idealTree:node_modules/setprototypeof Completed in 0ms
242 silly placeDep ROOT call-bind@1.0.2 OK for: side-channel@1.0.4 want: ^1.0.0
243 silly fetch manifest function-bind@^1.1.1
244 silly placeDep ROOT get-intrinsic@1.2.1 OK for: side-channel@1.0.4 want: ^1.0.2
245 silly fetch manifest has@^1.0.3
246 silly fetch manifest has-proto@^1.0.1
247 silly fetch manifest has-symbols@^1.0.3
248 silly placeDep ROOT object-inspect@1.12.3 OK for: side-channel@1.0.4 want: ^1.9.0
249 http fetch GET 200 https://registry.npmjs.org/has 21ms (cache revalidated)
250 http fetch GET 200 https://registry.npmjs.org/function-bind 25ms (cache revalidated)
251 http fetch GET 200 https://registry.npmjs.org/has-symbols 23ms (cache revalidated)
252 http fetch GET 200 https://registry.npmjs.org/has-proto 28ms (cache revalidated)
253 timing idealTree:node_modules/side-channel Completed in 32ms
254 silly placeDep ROOT function-bind@1.1.1 OK for: call-bind@1.0.2 want: ^1.1.1
255 timing idealTree:node_modules/call-bind Completed in 1ms
256 timing idealTree:node_modules/function-bind Completed in 0ms
257 silly placeDep ROOT has@1.0.3 OK for: get-intrinsic@1.2.1 want: ^1.0.3
258 silly placeDep ROOT has-proto@1.0.1 OK for: get-intrinsic@1.2.1 want: ^1.0.1
259 silly placeDep ROOT has-symbols@1.0.3 OK for: get-intrinsic@1.2.1 want: ^1.0.3
260 timing idealTree:node_modules/get-intrinsic Completed in 3ms
261 timing idealTree:node_modules/has Completed in 0ms
262 timing idealTree:node_modules/has-proto Completed in 0ms
263 timing idealTree:node_modules/has-symbols Completed in 0ms
264 timing idealTree:node_modules/object-inspect Completed in 0ms
265 timing idealTree:node_modules/statuses Completed in 0ms
266 timing idealTree:node_modules/toidentifier Completed in 0ms
267 silly placeDep ROOT media-typer@0.3.0 OK for: type-is@1.6.18 want: 0.3.0
268 timing idealTree:node_modules/type-is Completed in 1ms
269 timing idealTree:node_modules/media-typer Completed in 0ms
270 timing idealTree:node_modules/unpipe Completed in 0ms
271 timing idealTree:node_modules/utils-merge Completed in 0ms
272 timing idealTree:node_modules/vary Completed in 0ms
273 timing idealTree:node_modules/send/node_modules/ms Completed in 0ms
274 timing idealTree:buildDeps Completed in 616ms
275 timing idealTree:fixDepFlags Completed in 1ms
276 timing idealTree Completed in 633ms
277 timing reify:loadTrees Completed in 633ms
278 timing reify:diffTrees Completed in 2ms
279 silly reify moves {}
280 timing reify:retireShallow Completed in 0ms
281 timing reify:createSparse Completed in 5ms
282 timing reify:loadBundles Completed in 0ms
283 timing reifyNode:node_modules/ee-first Completed in 175ms
284 timing reifyNode:node_modules/ms Completed in 175ms
285 timing reifyNode:node_modules/destroy Completed in 176ms
286 timing reifyNode:node_modules/escape-html Completed in 177ms
287 timing reifyNode:node_modules/array-flatten Completed in 177ms
288 timing reifyNode:node_modules/send/node_modules/ms Completed in 178ms
289 timing reifyNode:node_modules/media-typer Completed in 180ms
290 timing reifyNode:node_modules/forwarded Completed in 180ms
291 timing reifyNode:node_modules/toidentifier Completed in 180ms
292 timing reifyNode:node_modules/inherits Completed in 181ms
293 timing reifyNode:node_modules/unpipe Completed in 181ms
294 timing reifyNode:node_modules/bytes Completed in 181ms
295 timing reifyNode:node_modules/vary Completed in 181ms
296 timing reifyNode:node_modules/type-is Completed in 181ms
297 timing reifyNode:node_modules/utils-merge Completed in 182ms
298 timing reifyNode:node_modules/range-parser Completed in 181ms
299 timing reifyNode:node_modules/path-to-regexp Completed in 181ms
300 timing reifyNode:node_modules/parseurl Completed in 181ms
301 timing reifyNode:node_modules/merge-descriptors Completed in 181ms
302 timing reifyNode:node_modules/methods Completed in 182ms
303 timing reifyNode:node_modules/fresh Completed in 182ms
304 timing reifyNode:node_modules/http-errors Completed in 182ms
305 timing reifyNode:node_modules/etag Completed in 182ms
306 timing reifyNode:node_modules/encodeurl Completed in 182ms
307 timing reifyNode:node_modules/cookie-signature Completed in 183ms
308 timing reifyNode:node_modules/content-type Completed in 183ms
309 timing reifyNode:node_modules/accepts Completed in 182ms
310 timing reifyNode:node_modules/proxy-addr Completed in 184ms
311 timing reifyNode:node_modules/has Completed in 186ms
312 timing reifyNode:node_modules/setprototypeof Completed in 184ms
313 timing reifyNode:node_modules/on-finished Completed in 184ms
314 timing reifyNode:node_modules/mime-types Completed in 186ms
315 timing reifyNode:node_modules/statuses Completed in 186ms
316 timing reifyNode:node_modules/serve-static Completed in 185ms
317 timing reifyNode:node_modules/content-disposition Completed in 186ms
318 timing reifyNode:node_modules/safe-buffer Completed in 186ms
319 timing reifyNode:node_modules/cookie Completed in 187ms
320 timing reifyNode:node_modules/finalhandler Completed in 187ms
321 timing reifyNode:node_modules/raw-body Completed in 190ms
322 timing reifyNode:node_modules/has-proto Completed in 192ms
323 timing reifyNode:node_modules/safer-buffer Completed in 192ms
324 timing reifyNode:node_modules/ipaddr.js Completed in 192ms
325 timing reifyNode:node_modules/depd Completed in 193ms
326 timing reifyNode:node_modules/send Completed in 194ms
327 timing reifyNode:node_modules/negotiator Completed in 200ms
328 timing reifyNode:node_modules/side-channel Completed in 201ms
329 timing reifyNode:node_modules/get-intrinsic Completed in 202ms
330 timing reifyNode:node_modules/function-bind Completed in 203ms
331 timing reifyNode:node_modules/mime Completed in 204ms
332 timing reifyNode:node_modules/call-bind Completed in 204ms
333 timing reifyNode:node_modules/has-symbols Completed in 206ms
334 timing reifyNode:node_modules/mime-db Completed in 206ms
335 timing reifyNode:node_modules/body-parser Completed in 205ms
336 timing reifyNode:node_modules/debug Completed in 205ms
337 timing reifyNode:node_modules/express Completed in 207ms
338 timing reifyNode:node_modules/qs Completed in 208ms
339 timing reifyNode:node_modules/object-inspect Completed in 211ms
340 timing reifyNode:node_modules/iconv-lite Completed in 210ms
341 timing reify:unpack Completed in 211ms
342 timing reify:unretire Completed in 1ms
343 timing build:queue Completed in 1ms
344 timing build:link:node_modules/mime Completed in 1ms
345 timing build:link Completed in 1ms
346 timing build:deps Completed in 3ms
347 timing build Completed in 3ms
348 timing reify:build Completed in 3ms
349 timing reify:trash Completed in 0ms
350 timing reify:save Completed in 14ms
351 timing reify Completed in 896ms
352 silly ADD node_modules/media-typer
353 silly ADD node_modules/has-symbols
354 silly ADD node_modules/has-proto
355 silly ADD node_modules/has
356 silly ADD node_modules/function-bind
357 silly ADD node_modules/object-inspect
358 silly ADD node_modules/get-intrinsic
359 silly ADD node_modules/call-bind
360 silly ADD node_modules/mime
361 silly ADD node_modules/side-channel
362 silly ADD node_modules/ipaddr.js
363 silly ADD node_modules/forwarded
364 silly ADD node_modules/ee-first
365 silly ADD node_modules/mime-db
366 silly ADD node_modules/safer-buffer
367 silly ADD node_modules/toidentifier
368 silly ADD node_modules/inherits
369 silly ADD node_modules/ms
370 silly ADD node_modules/unpipe
371 silly ADD node_modules/raw-body
372 silly ADD node_modules/iconv-lite
373 silly ADD node_modules/destroy
374 silly ADD node_modules/bytes
375 silly ADD node_modules/negotiator
376 silly ADD node_modules/mime-types
377 silly ADD node_modules/vary
378 silly ADD node_modules/utils-merge
379 silly ADD node_modules/type-is
380 silly ADD node_modules/statuses
381 silly ADD node_modules/setprototypeof
382 silly ADD node_modules/serve-static
383 silly ADD node_modules/send
384 silly ADD node_modules/send/node_modules/ms
385 silly ADD node_modules/safe-buffer
386 silly ADD node_modules/range-parser
387 silly ADD node_modules/qs
388 silly ADD node_modules/proxy-addr
389 silly ADD node_modules/path-to-regexp
390 silly ADD node_modules/parseurl
391 silly ADD node_modules/on-finished
392 silly ADD node_modules/methods
393 silly ADD node_modules/merge-descriptors
394 silly ADD node_modules/http-errors
395 silly ADD node_modules/fresh
396 silly ADD node_modules/finalhandler
397 silly ADD node_modules/etag
398 silly ADD node_modules/escape-html
399 silly ADD node_modules/encodeurl
400 silly ADD node_modules/depd
401 silly ADD node_modules/debug
402 silly ADD node_modules/cookie-signature
403 silly ADD node_modules/cookie
404 silly ADD node_modules/content-type
405 silly ADD node_modules/content-disposition
406 silly ADD node_modules/body-parser
407 silly ADD node_modules/array-flatten
408 silly ADD node_modules/accepts
409 silly ADD node_modules/express
410 timing command:install Completed in 903ms
411 verbose exit 0
412 timing npm Completed in 1087ms
413 info ok
